{0F376500-DFBE-47DE-A1F0-B86761A82BF2}
{6859D162-847E-4525-84F5-77CE958BACA9}
{C1C46F64-CDA0-44F3-B198-D652F918E413}
4A Games
Adobe
Application Data
Arma 3
Arma 3 Launcher
Audacity
BattlEye
Black_Tree_Gaming
Blizzard Entertainment
Bohemia_Interactive
BolideLog
calibre-cache
CEF
Chromium
Comms
Comodo
ConanSandbox
ConnectedDevicesPlatform
CrashDumps
CrashRpt
D3DSCache
DBG
DeskShare Data
Diagnostics
Disc_Soft_Ltd
dnSpy
e2eSoft
ElevatedDiagnostics
EpicGamesLauncher
ExtractNow
FalloutNV
FOMM
fontconfig
GameAnalytics
GHISLER
GIMP
Google
GRAW2
History
LOOT
Microsoft
MicrosoftEdge
Mist21
MistSurv
Mozilla
MultiPlayerManager
Nichrome
Nox
NVIDIA
NVIDIA Corporation
Opera Software
Packages
PlaceholderTileLogoFolder
Programs
Publishers
Skype
SkypePlugin
Skyrim
Skyrim Special Edition
SkyrimMTO
speech
Spoon
Stardock
Steam
TeamViewer
TechSmith
Temp
TempCheckUpdate
Temporary Internet Files
TESVSnip
The Witcher 2
Thunderbird
TileDataLayer
Ubisoft Game Launcher
UCBrowser
UmmyVideoDownloader
Unity
UnrealEngine
UnrealEngineLauncher
Viber
VideoEditor
VirtualStore
Vivox
VMware
Wondershare
Xpom
Yandex
gtk-2.0
Viber Media S.à r.l
Battle.net
paint.net
IconCache.db
Resmon.ResmonCfg
