4A Games
Arma 3
Arma 3 Launcher
Audacity
BattlEye
Black_Tree_Gaming
Blizzard Entertainment
Bohemia_Interactive
Chromium
Comodo
ConanSandbox
Disc_Soft_Ltd
dnSpy
EpicGamesLauncher
ExtractNow
FalloutNV
FOMM
fontconfig
GIMP
Google
GRAW2
LOOT
Mist21
MistSurv
Mozilla
MultiPlayerManager
Nichrome
Nox
NVIDIA
NVIDIA Corporation
Opera Software
Skype
SkypePlugin
Skyrim
Skyrim Special Edition
SkyrimMTO
Steam
TeamViewer
TESVSnip
The Witcher 2
Thunderbird
Ubisoft Game Launcher
UCBrowser
UmmyVideoDownloader
Unity
UnrealEngine
UnrealEngineLauncher
Viber
VideoEditor
VirtualStore
Xpom
Yandex
gtk-2.0
Viber Media S.a r.l
Battle.net
paint.net
